<?xml version="1.0" encoding="UTF-8"?>
<!-- Generated by org.testng.reporters.JUnitReportReporter -->
<testsuite hostname="marynungari" failures="0" tests="1" name="cucumberOptions.TestNGTestRunner" time="9.576" errors="0" timestamp="2025-02-19T23:12:40 EST" skipped="0">
  <testcase classname="cucumberOptions.TestNGTestRunner" name="runScenario" time="9.576"/>
</testsuite> <!-- cucumberOptions.TestNGTestRunner -->
