<?xml version="1.0" encoding="UTF-8"?>
<!-- Generated by org.testng.reporters.JUnitReportReporter -->
<testsuite hostname="marynungari" failures="0" tests="1" name="testCases.TC_002_LoginTest" time="2.205" errors="0" timestamp="2025-02-21T17:07:53 EST" skipped="0">
  <testcase classname="testCases.TC_002_LoginTest" name="verify_login" time="2.205"/>
</testsuite> <!-- testCases.TC_002_LoginTest -->
